# JRE version: OpenJDK Runtime Environment Microsoft-11369942 (21.0.7+6) (build 21.0.7+6-LTS)
# Java VM: OpenJDK 64-Bit Server VM Microsoft-11369942 (21.0.7+6-LTS, mixed mode, sharing, tiered, compressed oops, compressed class ptrs, g1 gc, linux-amd64)
GC Precious Log:
 CardTable entry size: 512
 Card Set container configuration: InlinePtr #cards 5 size 8 Array Of Cards #cards 12 size 40 Howl #buckets 4 coarsen threshold 1843 Howl Bitmap #cards 512 size 80 coarsen threshold 460 Card regions per heap region 1 cards per card region 2048
 CPUs: 2 total, 2 available
 Memory: 7944M
 Large Page Support: Disabled
 NUMA Support: Disabled
 Compressed Oops: Enabled (32-bit)
 Heap Region Size: 1M
 Heap Min Capacity: 8M
 Heap Initial Capacity: 126M
 Heap Max Capacity: 1988M
 Pre-touch: Disabled
 Parallel Workers: 2
 Concurrent Workers: 1
 Concurrent Refinement Workers: 2
 Periodic GC: Disabled
Heap:
 garbage-first heap   total 131072K, used 85783K [0x0000000083c00000, 0x0000000100000000)
  region size 1024K, 52 young (53248K), 1 survivors (1024K)
 Metaspace       used 16889K, committed 17216K, reserved 1114112K
  class space    used 1816K, committed 1984K, reserved 1048576K
GC Heap History (12 events):
Event: 0.546 GC heap before
{Heap before GC invocations=0 (full 0):
 garbage-first heap   total 131072K, used 6193K [0x0000000083c00000, 0x0000000100000000)
  region size 1024K, 6 young (6144K), 0 survivors (0K)
 Metaspace       used 3967K, committed 4224K, reserved 1114112K
  class space    used 403K, committed 512K, reserved 1048576K
}
Event: 0.549 GC heap after
{Heap after GC invocations=1 (full 0):
 garbage-first heap   total 131072K, used 2962K [0x0000000083c00000, 0x0000000100000000)
  region size 1024K, 1 young (1024K), 1 survivors (1024K)
 Metaspace       used 3967K, committed 4224K, reserved 1114112K
  class space    used 403K, committed 512K, reserved 1048576K
}
Event: 0.682 GC heap before
{Heap before GC invocations=1 (full 0):
 garbage-first heap   total 131072K, used 8082K [0x0000000083c00000, 0x0000000100000000)
  region size 1024K, 6 young (6144K), 1 survivors (1024K)
 Metaspace       used 6123K, committed 6272K, reserved 1114112K
  class space    used 621K, committed 704K, reserved 1048576K
}
Event: 0.686 GC heap after
{Heap after GC invocations=2 (full 0):
 garbage-first heap   total 131072K, used 4303K [0x0000000083c00000, 0x0000000100000000)
  region size 1024K, 1 young (1024K), 1 survivors (1024K)
 Metaspace       used 6123K, committed 6272K, reserved 1114112K
  class space    used 621K, committed 704K, reserved 1048576K
}
Event: 3.953 GC heap before
{Heap before GC invocations=2 (full 0):
 garbage-first heap   total 131072K, used 25807K [0x0000000083c00000, 0x0000000100000000)
  region size 1024K, 16 young (16384K), 1 survivors (1024K)
 Metaspace       used 9091K, committed 9344K, reserved 1114112K
  class space    used 935K, committed 1088K, reserved 1048576K
}
Event: 3.956 GC heap after
{Heap after GC invocations=3 (full 0):
 garbage-first heap   total 131072K, used 5434K [0x0000000083c00000, 0x0000000100000000)
  region size 1024K, 2 young (2048K), 2 survivors (2048K)
 Metaspace       used 9091K, committed 9344K, reserved 1114112K
  class space    used 935K, committed 1088K, reserved 1048576K
}
Event: 7.556 GC heap before
{Heap before GC invocations=3 (full 0):
 garbage-first heap   total 131072K, used 65850K [0x0000000083c00000, 0x0000000100000000)
  region size 1024K, 12 young (12288K), 2 survivors (2048K)
 Metaspace       used 9243K, committed 9536K, reserved 1114112K
  class space    used 937K, committed 1088K, reserved 1048576K
}
Event: 7.559 GC heap after
{Heap after GC invocations=4 (full 0):
 garbage-first heap   total 131072K, used 6059K [0x0000000083c00000, 0x0000000100000000)
  region size 1024K, 3 young (3072K), 3 survivors (3072K)
 Metaspace       used 9243K, committed 9536K, reserved 1114112K
  class space    used 937K, committed 1088K, reserved 1048576K
}
Event: 12.592 GC heap before
{Heap before GC invocations=4 (full 0):
 garbage-first heap   total 131072K, used 75691K [0x0000000083c00000, 0x0000000100000000)
  region size 1024K, 45 young (46080K), 3 survivors (3072K)
 Metaspace       used 10162K, committed 10432K, reserved 1114112K
  class space    used 1033K, committed 1152K, reserved 1048576K
}
Event: 12.626 GC heap after
{Heap after GC invocations=5 (full 0):
 garbage-first heap   total 131072K, used 25033K [0x0000000083c00000, 0x0000000100000000)
  region size 1024K, 6 young (6144K), 6 survivors (6144K)
 Metaspace       used 10162K, committed 10432K, reserved 1114112K
  class space    used 1033K, committed 1152K, reserved 1048576K
}
Event: 13.313 GC heap before
{Heap before GC invocations=5 (full 0):
 garbage-first heap   total 131072K, used 62921K [0x0000000083c00000, 0x0000000100000000)
  region size 1024K, 43 young (44032K), 6 survivors (6144K)
 Metaspace       used 10186K, committed 10432K, reserved 1114112K
  class space    used 1034K, committed 1152K, reserved 1048576K
}
Event: 13.318 GC heap after
{Heap after GC invocations=6 (full 0):
 garbage-first heap   total 131072K, used 26391K [0x0000000083c00000, 0x0000000100000000)
  region size 1024K, 1 young (1024K), 1 survivors (1024K)
 Metaspace       used 10186K, committed 10432K, reserved 1114112K
  class space    used 1034K, committed 1152K, reserved 1048576K
}

